<?xml version="1.0" encoding="UTF-8"?>
<!-- Generated by org.testng.reporters.JUnitXMLReporter -->
<testsuite ignored="0" hostname="Realme_SlimBook" failures="1" tests="2" name="Surefire test" time="20.328" errors="0" timestamp="2024-06-20T14:12:41 IST">
  <testcase classname="seleniumGrid.ChromeTest" name="testGridSetup" time="20.246"/>
  <testcase classname="seleniumGrid.ParallelTest" name="testGrid" time="0.0">
    <failure type="org.testng.TestNGException" message="
Parameter &amp;apos;bname&amp;apos; is required by @Test on method testGrid but has not been marked @Optional or defined
">
      <![CDATA[org.testng.TestNGException: 
Parameter 'bname' is required by @Test on method testGrid but has not been marked @Optional or defined

at java.base/java.util.ArrayList.forEach(ArrayList.java:1511)
... Removed 31 stack frames]]>
    </failure>
  </testcase> <!-- testGrid -->
</testsuite> <!-- Surefire test -->
