<?xml version="1.0" encoding="UTF-8"?>
<testng-results ignored="0" total="3" passed="3" failed="0" skipped="0">
  <reporter-output>
  </reporter-output>
  <suite started-at="2024-06-20T14:10:29 IST" name="Suite" finished-at="2024-06-20T14:11:05 IST" duration-ms="35124">
    <groups>
    </groups>
    <test started-at="2024-06-20T14:10:29 IST" name="ChromeTest" finished-at="2024-06-20T14:10:59 IST" duration-ms="29755">
      <class name="seleniumGrid.ParallelTest">
        <test-method signature="testGrid(java.lang.String)[pri:0, instance:seleniumGrid.ParallelTest@37d4349f]" started-at="2024-06-20T14:10:29 IST" name="testGrid" finished-at="2024-06-20T14:10:59 IST" duration-ms="29689" status="PASS">
          <params>
            <param index="0">
              <value>
                <![CDATA[chrome]]>
              </value>
            </param>
          </params>
          <reporter-output>
          </reporter-output>
        </test-method> <!-- testGrid -->
      </class> <!-- seleniumGrid.ParallelTest -->
    </test> <!-- ChromeTest -->
    <test started-at="2024-06-20T14:10:29 IST" name="EdgeTest" finished-at="2024-06-20T14:11:00 IST" duration-ms="30982">
      <class name="seleniumGrid.ParallelTest">
        <test-method signature="testGrid(java.lang.String)[pri:0, instance:seleniumGrid.ParallelTest@e350b40]" started-at="2024-06-20T14:10:29 IST" name="testGrid" finished-at="2024-06-20T14:11:00 IST" duration-ms="30925" status="PASS">
          <params>
            <param index="0">
              <value>
                <![CDATA[edge]]>
              </value>
            </param>
          </params>
          <reporter-output>
          </reporter-output>
        </test-method> <!-- testGrid -->
      </class> <!-- seleniumGrid.ParallelTest -->
    </test> <!-- EdgeTest -->
    <test started-at="2024-06-20T14:10:29 IST" name="FirfoxTest" finished-at="2024-06-20T14:11:05 IST" duration-ms="35124">
      <class name="seleniumGrid.ParallelTest">
        <test-method signature="testGrid(java.lang.String)[pri:0, instance:seleniumGrid.ParallelTest@38cee291]" started-at="2024-06-20T14:10:29 IST" name="testGrid" finished-at="2024-06-20T14:11:05 IST" duration-ms="35068" status="PASS">
          <params>
            <param index="0">
              <value>
                <![CDATA[firefox]]>
              </value>
            </param>
          </params>
          <reporter-output>
          </reporter-output>
        </test-method> <!-- testGrid -->
      </class> <!-- seleniumGrid.ParallelTest -->
    </test> <!-- FirfoxTest -->
  </suite> <!-- Suite -->
</testng-results>
