<?xml version="1.0" encoding="UTF-8"?>
<testng-results ignored="0" total="3" passed="3" failed="0" skipped="0">
  <reporter-output>
  </reporter-output>
  <suite started-at="2024-06-20T13:09:10 IST" name="Suite" finished-at="2024-06-20T13:09:34 IST" duration-ms="24266">
    <groups>
    </groups>
    <test started-at="2024-06-20T13:09:10 IST" name="EdgeTest" finished-at="2024-06-20T13:09:31 IST" duration-ms="21540">
      <class name="seleniumGrid.ParallelTest">
        <test-method signature="testGrid(java.lang.String)[pri:0, instance:seleniumGrid.ParallelTest@e350b40]" started-at="2024-06-20T13:09:10 IST" name="testGrid" finished-at="2024-06-20T13:09:31 IST" duration-ms="21476" status="PASS">
          <params>
            <param index="0">
              <value>
                <![CDATA[edge]]>
              </value>
            </param>
          </params>
          <reporter-output>
          </reporter-output>
        </test-method> <!-- testGrid -->
      </class> <!-- seleniumGrid.ParallelTest -->
    </test> <!-- EdgeTest -->
    <test started-at="2024-06-20T13:09:10 IST" name="FirefoxTest" finished-at="2024-06-20T13:09:33 IST" duration-ms="23459">
      <class name="seleniumGrid.ParallelTest">
        <test-method signature="testGrid(java.lang.String)[pri:0, instance:seleniumGrid.ParallelTest@38cee291]" started-at="2024-06-20T13:09:10 IST" name="testGrid" finished-at="2024-06-20T13:09:33 IST" duration-ms="23407" status="PASS">
          <params>
            <param index="0">
              <value>
                <![CDATA[firefox]]>
              </value>
            </param>
          </params>
          <reporter-output>
          </reporter-output>
        </test-method> <!-- testGrid -->
      </class> <!-- seleniumGrid.ParallelTest -->
    </test> <!-- FirefoxTest -->
    <test started-at="2024-06-20T13:09:10 IST" name="Test" finished-at="2024-06-20T13:09:34 IST" duration-ms="24266">
      <class name="seleniumGrid.ParallelTest">
        <test-method signature="testGrid(java.lang.String)[pri:0, instance:seleniumGrid.ParallelTest@37d4349f]" started-at="2024-06-20T13:09:10 IST" name="testGrid" finished-at="2024-06-20T13:09:34 IST" duration-ms="24214" status="PASS">
          <params>
            <param index="0">
              <value>
                <![CDATA[chrome]]>
              </value>
            </param>
          </params>
          <reporter-output>
          </reporter-output>
        </test-method> <!-- testGrid -->
      </class> <!-- seleniumGrid.ParallelTest -->
    </test> <!-- Test -->
  </suite> <!-- Suite -->
</testng-results>
